INFO [process_setup] [2024-03-03:18:27:58 TabNine INFO] 
============ Tabnine process /home/dane/.local/share/nvim/plugged/tabnine-nvim/binaries/4.113.0/x86_64-unknown-linux-musl/TabNine (19417) started ============
INFO [TabNine::main_utils] [2024-03-03:18:27:58 TabNine INFO] /home/dane/.local/share/nvim/plugged/tabnine-nvim/lua/tabnine/../../binaries/4.113.0/x86_64-unknown-linux-musl/TabNine --client nvim --client-metadata ide-restart-counter=1 pluginVersion=1.7.0 --log-file-path=$HOME/.config/nvim/tabnine.log
INFO [watchdog_api::wd_client] [2024-03-03:18:27:58 TabNine INFO] Initializing watchdog client...
INFO [watchdog_api::wd_client] [2024-03-03:18:27:58 TabNine INFO] Starting watchdog...
INFO [watchdog_api::wd_client] [2024-03-03:18:27:58 TabNine INFO] Starting watchdog...
INFO [TabNine::bootstrap_support] [2024-03-03:18:27:58 TabNine INFO] trying to start tabnine version Some("4.113.0")
INFO [TabNine::bootstrap_support] [2024-03-03:18:27:58 TabNine INFO] spawning tabnine with args ["/home/dane/.local/share/nvim/plugged/tabnine-nvim/lua/tabnine/../../binaries/4.113.0/x86_64-unknown-linux-musl/TabNine", "--client", "nvim", "--client-metadata", "ide-restart-counter=1", "pluginVersion=1.7.0", "--log-file-path=$HOME/.config/nvim/tabnine.log", "--no_bootstrap"]
INFO [TabNine::bootstrap_support] [2024-03-03:18:27:58 TabNine INFO] started tabnine process pid 19490 version Some("4.113.0"), desired version was Some("4.113.0") this version is Some("4.113.0")
INFO [process_setup] [2024-03-03:18:27:58 TabNine INFO] 
============ Tabnine process /home/dane/.local/share/nvim/plugged/tabnine-nvim/binaries/4.113.0/x86_64-unknown-linux-musl/TabNine (19490) started ============
INFO [TabNine::main_utils] [2024-03-03:18:27:58 TabNine INFO] /home/dane/.local/share/nvim/plugged/tabnine-nvim/lua/tabnine/../../binaries/4.113.0/x86_64-unknown-linux-musl/TabNine --client nvim --client-metadata ide-restart-counter=1 pluginVersion=1.7.0 --log-file-path=$HOME/.config/nvim/tabnine.log --no_bootstrap
INFO [watchdog_api::wd_client] [2024-03-03:18:27:58 TabNine INFO] Initializing watchdog client...
INFO [models_api_singleton] [2024-03-03:18:27:58 TabNine INFO] Creating models api singleton...
INFO [models_api_singleton] [2024-03-03:18:27:58 TabNine INFO] Updating models API access token...
INFO [lunar_connection] [2024-03-03:18:27:58 TabNine INFO] lunar settings update thread started (Local(Public) ce94127b)
INFO [lunar_connection] [2024-03-03:18:27:58 TabNine INFO] lunar settings update thread started (Local(Public) ce94127b)
INFO [auth::capabilities] [2024-03-03:18:27:58 TabNine INFO] User changed. Refreshing capabilities
INFO [auth::capabilities] [2024-03-03:18:27:58 TabNine INFO] Refreshing capabilities
INFO [lunar_connection] [2024-03-03:18:27:58 TabNine INFO] lunar settings update thread started (Remote cloud)
INFO [frontend::initialize] [2024-03-03:18:27:58 TabNine INFO] Started.
INFO [lunar_connection::local_lunar_connection] [2024-03-03:18:27:58 TabNine INFO] running command "/home/dane/.local/share/nvim/plugged/tabnine-nvim/binaries/4.113.0/x86_64-unknown-linux-musl/TabNine-deep-local" "--settings" "/home/dane/.config/TabNine/local.settingsce94127bSmall" "--settings-version" "1" "--log-file-path" "$HOME/.config/nvim/tabnine.log" "--client" "nvim" "--client-metadata" "ide-restart-counter=1" "pluginVersion=1.7.0"
INFO [process_setup] [2024-03-03:18:27:58 TabNine-deep-local INFO] 
============ Tabnine process /home/dane/.local/share/nvim/plugged/tabnine-nvim/binaries/4.113.0/x86_64-unknown-linux-musl/TabNine-deep-local (19678) started ============
INFO [TabNine_deep_local] [2024-03-03:18:27:58 TabNine-deep-local INFO] parsed settings are Some(Settings { cpu_model: CpuModelSettings { rate_limit_interval_seconds: None, rate_limit_amount: None, enable_power_saving_mode: false }, download: DownloadSettings { api_key: None, meta_data_base_url: "https://api.tabnine.com", model: ModelMetadata { model_id: "162640eb4381301da6ff3a6913c806965a2ec6a7d3a6943bec51de1088948c72", upload_time: 2021-05-25T15:38:00+00:00, crc32_over_file_without_headers: "ce94127b", model_size: Small, owned_by_team_id: None, specialized_for_language: None, source_type: None, display_name: None, is_production_ready: true, is_manually_selectable: false } }, tune: TuneSettings { enable_power_saving_mode: false, override_beams: None, override_context_length: None }, run: RunSettings { is_enabled: true, omit_prefix_suggestions: false, line_suggestions: false } })
INFO [TabNine_deep_local] [2024-03-03:18:27:58 TabNine-deep-local INFO] local_lock_path "/home/dane/.config/TabNine/4.113.0/TabNine-deep-local.lockce94127b"
INFO [TabNine_deep_local] [2024-03-03:18:27:58 TabNine-deep-local INFO] using settings Settings { cpu_model: CpuModelSettings { rate_limit_interval_seconds: None, rate_limit_amount: None, enable_power_saving_mode: false }, download: DownloadSettings { api_key: None, meta_data_base_url: "https://api.tabnine.com", model: ModelMetadata { model_id: "162640eb4381301da6ff3a6913c806965a2ec6a7d3a6943bec51de1088948c72", upload_time: 2021-05-25T15:38:00+00:00, crc32_over_file_without_headers: "ce94127b", model_size: Small, owned_by_team_id: None, specialized_for_language: None, source_type: None, display_name: None, is_production_ready: true, is_manually_selectable: false } }, tune: TuneSettings { enable_power_saving_mode: false, override_beams: None, override_context_length: None }, run: RunSettings { is_enabled: true, omit_prefix_suggestions: false, line_suggestions: false } }
INFO [watchdog_api::wd_client] [2024-03-03:18:27:58 TabNine-deep-local INFO] Initializing watchdog client...
INFO [lunar_endpoints::local::server] [2024-03-03:18:27:59 TabNine-deep-local INFO] Got new local client connection 127.0.0.1:46376
INFO [lunar_local::bridge] [2024-03-03:18:27:59 TabNine-deep-local INFO] TabNine Local communication thread started.
INFO [lunar_local::bridge] [2024-03-03:18:27:59 TabNine-deep-local INFO] Loading model...
ERROR [model_file_protocol::read] [2024-03-03:18:27:59 TabNine-deep-local ERROR] Failed to read header: Magic version mismatch
INFO [cpu_model::model_format] [2024-03-03:18:27:59 TabNine-deep-local INFO] No language mapping provided - falling back to default
INFO [lunar_connection] [2024-03-03:18:27:59 TabNine INFO] Successfully updated Local(Public) ce94127b lunar settings
INFO [lunar_connection] [2024-03-03:18:27:59 TabNine INFO] Successfully updated Local(Public) ce94127b lunar settings
INFO [lunar_local::bridge] [2024-03-03:18:27:59 TabNine-deep-local INFO] Done loading model (took 0.65 seconds).
INFO [process_setup::command_ext] [2024-03-03:18:27:59 TabNine INFO] child exited with status exit status: 0
INFO [bootstrapper::bootstrapper_lib] [2024-03-03:18:27:59 TabNine INFO] current version is Some(Version { major: 4, minor: 113, patch: 0, pre: [], build: [] }), spawned version is Some(Version { major: 4, minor: 113, patch: 0, pre: [], build: [] }), remote version is Version { major: 4, minor: 116, patch: 0, pre: [], build: [] }
INFO [bootstrapper::bundle] [2024-03-03:18:27:59 TabNine INFO] lock is at "/home/dane/.local/share/nvim/plugged/tabnine-nvim/binaries/0.0.1/x86_64-unknown-linux-musl/bundle.lock"
INFO [bootstrapper::bundle] [2024-03-03:18:27:59 TabNine INFO] downloading from "https://update.tabnine.com/bundles/4.116.0/x86_64-unknown-linux-musl/TabNine.zip" to "/home/dane/.local/share/nvim/plugged/tabnine-nvim/binaries/0.0.1/x86_64-unknown-linux-musl/TabNine.zip"
INFO [bootstrapper::download] [2024-03-03:18:27:59 TabNine INFO] parent path is "/home/dane/.local/share/nvim/plugged/tabnine-nvim/binaries/0.0.1/x86_64-unknown-linux-musl"
INFO [http_requests] [2024-03-03:18:27:59 TabNine INFO] Downloading from https://update.tabnine.com/bundles/4.116.0/x86_64-unknown-linux-musl/TabNine.zip
INFO [lunar_local::tune] [2024-03-03:18:27:59 TabNine-deep-local INFO] Selected 2 beams.
INFO [actix_server::builder] [2024-03-03:18:27:59 TabNine INFO] starting 8 workers
INFO [ui::http_server] [2024-03-03:18:27:59 TabNine INFO] Hub HTTP server started on http://127.0.0.1:1123/sec-ufvgyhnsuivaadyfcgzo
INFO [actix_server::server] [2024-03-03:18:27:59 TabNine INFO] Tokio runtime found; starting in existing Tokio runtime
INFO [lunar_local::tune] [2024-03-03:18:27:59 TabNine-deep-local INFO] Selected context length of 200.
INFO [auth::capabilities] [2024-03-03:18:28:00 TabNine INFO] User changed. Refreshing capabilities
INFO [auth::capabilities] [2024-03-03:18:28:00 TabNine INFO] Refreshing capabilities
INFO [lunar_connection::local_lunar_connection] [2024-03-03:18:28:00 TabNine INFO] setting default model analytics
INFO [models_api_singleton] [2024-03-03:18:28:00 TabNine INFO] Updated models API access token of user: None
INFO [models_api_singleton] [2024-03-03:18:28:00 TabNine INFO] Updating models API access token...
INFO [frontend::initialize] [2024-03-03:18:28:00 TabNine INFO] Hub site is: https://beta-hub.tabnine.com/v9/?tabnineUrl=http://127.0.0.1:1123/sec-ufvgyhnsuivaadyfcgzo
INFO [cloud2_utils::snippet_suggestions_host] [2024-03-03:18:28:00 TabNine INFO] enrichment config - returning default config
INFO [cloud2_utils::snippet_suggestions_host] [2024-03-03:18:28:00 TabNine INFO] enrichment config - returning default config
INFO [cloud2_utils::snippet_suggestions_host] [2024-03-03:18:28:00 TabNine INFO] enrichment config - returning default config
INFO [models_api_singleton] [2024-03-03:18:28:00 TabNine INFO] Updated models API access token of user: Some("Ricky Dane Perlick")
INFO [lunar_connection] [2024-03-03:18:28:00 TabNine INFO] Successfully updated Local(Public) ce94127b lunar settings
INFO [lunar_connection] [2024-03-03:18:28:01 TabNine INFO] Successfully updated Local(Public) ce94127b lunar settings
INFO [bootstrapper::bundle] [2024-03-03:18:28:04 TabNine INFO] completed downloading to "/home/dane/.local/share/nvim/plugged/tabnine-nvim/binaries/0.0.1/x86_64-unknown-linux-musl/TabNine.zip"
INFO [bootstrapper::bundle] [2024-03-03:18:28:04 TabNine INFO] outpath is "/home/dane/.local/share/nvim/plugged/tabnine-nvim/binaries/0.0.1/x86_64-unknown-linux-musl/TabNine"
INFO [bootstrapper::bundle] [2024-03-03:18:28:04 TabNine INFO] outpath is "/home/dane/.local/share/nvim/plugged/tabnine-nvim/binaries/0.0.1/x86_64-unknown-linux-musl/TabNine-deep-cloud"
INFO [bootstrapper::bundle] [2024-03-03:18:28:04 TabNine INFO] outpath is "/home/dane/.local/share/nvim/plugged/tabnine-nvim/binaries/0.0.1/x86_64-unknown-linux-musl/TabNine-deep-local"
INFO [bootstrapper::bundle] [2024-03-03:18:28:04 TabNine INFO] outpath is "/home/dane/.local/share/nvim/plugged/tabnine-nvim/binaries/0.0.1/x86_64-unknown-linux-musl/TabNine-server-runner"
INFO [bootstrapper::bundle] [2024-03-03:18:28:04 TabNine INFO] outpath is "/home/dane/.local/share/nvim/plugged/tabnine-nvim/binaries/0.0.1/x86_64-unknown-linux-musl/WD-TabNine"
INFO [bootstrapper::bundle] [2024-03-03:18:28:04 TabNine INFO] creating root path "/home/dane/.local/share/nvim/plugged/tabnine-nvim/binaries/4.116.0/x86_64-unknown-linux-musl"
INFO [bootstrapper::bundle] [2024-03-03:18:28:04 TabNine INFO] moving from "/home/dane/.local/share/nvim/plugged/tabnine-nvim/binaries/0.0.1/x86_64-unknown-linux-musl" to "/home/dane/.local/share/nvim/plugged/tabnine-nvim/binaries/4.116.0/x86_64-unknown-linux-musl"
INFO [bootstrapper::bundle] [2024-03-03:18:28:04 TabNine INFO] moving "/home/dane/.local/share/nvim/plugged/tabnine-nvim/binaries/0.0.1/x86_64-unknown-linux-musl/bundle.lock" to "/home/dane/.local/share/nvim/plugged/tabnine-nvim/binaries/4.116.0/x86_64-unknown-linux-musl/bundle.lock"
INFO [bootstrapper::bundle] [2024-03-03:18:28:04 TabNine INFO] moving "/home/dane/.local/share/nvim/plugged/tabnine-nvim/binaries/0.0.1/x86_64-unknown-linux-musl/TabNine" to "/home/dane/.local/share/nvim/plugged/tabnine-nvim/binaries/4.116.0/x86_64-unknown-linux-musl/TabNine"
INFO [bootstrapper::bundle] [2024-03-03:18:28:04 TabNine INFO] moving "/home/dane/.local/share/nvim/plugged/tabnine-nvim/binaries/0.0.1/x86_64-unknown-linux-musl/TabNine-deep-cloud" to "/home/dane/.local/share/nvim/plugged/tabnine-nvim/binaries/4.116.0/x86_64-unknown-linux-musl/TabNine-deep-cloud"
INFO [bootstrapper::bundle] [2024-03-03:18:28:04 TabNine INFO] moving "/home/dane/.local/share/nvim/plugged/tabnine-nvim/binaries/0.0.1/x86_64-unknown-linux-musl/TabNine-deep-local" to "/home/dane/.local/share/nvim/plugged/tabnine-nvim/binaries/4.116.0/x86_64-unknown-linux-musl/TabNine-deep-local"
INFO [bootstrapper::bundle] [2024-03-03:18:28:04 TabNine INFO] moving "/home/dane/.local/share/nvim/plugged/tabnine-nvim/binaries/0.0.1/x86_64-unknown-linux-musl/TabNine-server-runner" to "/home/dane/.local/share/nvim/plugged/tabnine-nvim/binaries/4.116.0/x86_64-unknown-linux-musl/TabNine-server-runner"
INFO [bootstrapper::bundle] [2024-03-03:18:28:04 TabNine INFO] moving "/home/dane/.local/share/nvim/plugged/tabnine-nvim/binaries/0.0.1/x86_64-unknown-linux-musl/WD-TabNine" to "/home/dane/.local/share/nvim/plugged/tabnine-nvim/binaries/4.116.0/x86_64-unknown-linux-musl/WD-TabNine"
INFO [bootstrapper::bundle] [2024-03-03:18:28:04 TabNine INFO] finished extracting
WARN [bootstrapper::bundle] [2024-03-03:18:28:04 TabNine WARN] relinquishing lock at path "/home/dane/.local/share/nvim/plugged/tabnine-nvim/binaries/0.0.1/x86_64-unknown-linux-musl/bundle.lock"
WARN [bootstrapper::bootstrapper_lib] [2024-03-03:18:28:04 TabNine WARN] restart required
INFO [cloud2_utils::snippet_suggestions_host] [2024-03-03:18:28:28 TabNine INFO] enrichment config - returning default config
INFO [cloud2_utils::snippet_suggestions_host] [2024-03-03:18:28:28 TabNine INFO] enrichment config - returning default config
INFO [cloud2_utils::snippet_suggestions_host] [2024-03-03:18:28:58 TabNine INFO] enrichment config - returning default config
INFO [cloud2_utils::snippet_suggestions_host] [2024-03-03:18:28:58 TabNine INFO] enrichment config - returning default config
INFO [cloud2_utils::snippet_suggestions_host] [2024-03-03:18:29:28 TabNine INFO] enrichment config - returning default config
INFO [cloud2_utils::snippet_suggestions_host] [2024-03-03:18:29:28 TabNine INFO] enrichment config - returning default config
INFO [cloud2_utils::snippet_suggestions_host] [2024-03-03:18:29:58 TabNine INFO] enrichment config - returning default config
INFO [cloud2_utils::snippet_suggestions_host] [2024-03-03:18:29:58 TabNine INFO] enrichment config - returning default config
INFO [lunar_connection::local_lunar_connection] [2024-03-03:18:30:15 TabNine INFO] running command "/home/dane/.local/share/nvim/plugged/tabnine-nvim/binaries/4.113.0/x86_64-unknown-linux-musl/TabNine-deep-local" "--settings" "/home/dane/.config/TabNine/local.settingsce94127bSmall" "--settings-version" "1" "--log-file-path" "$HOME/.config/nvim/tabnine.log" "--client" "nvim" "--client-metadata" "ide-restart-counter=1" "pluginVersion=1.7.0"
INFO [process_setup] [2024-03-03:18:30:15 TabNine-deep-local INFO] 
============ Tabnine process /home/dane/.local/share/nvim/plugged/tabnine-nvim/binaries/4.113.0/x86_64-unknown-linux-musl/TabNine-deep-local (19840) started ============
INFO [TabNine_deep_local] [2024-03-03:18:30:15 TabNine-deep-local INFO] parsed settings are Some(Settings { cpu_model: CpuModelSettings { rate_limit_interval_seconds: None, rate_limit_amount: None, enable_power_saving_mode: false }, download: DownloadSettings { api_key: None, meta_data_base_url: "https://api.tabnine.com", model: ModelMetadata { model_id: "162640eb4381301da6ff3a6913c806965a2ec6a7d3a6943bec51de1088948c72", upload_time: 2021-05-25T15:38:00+00:00, crc32_over_file_without_headers: "ce94127b", model_size: Small, owned_by_team_id: None, specialized_for_language: None, source_type: None, display_name: None, is_production_ready: true, is_manually_selectable: false } }, tune: TuneSettings { enable_power_saving_mode: false, override_beams: None, override_context_length: None }, run: RunSettings { is_enabled: true, omit_prefix_suggestions: false, line_suggestions: false } })
INFO [TabNine_deep_local] [2024-03-03:18:30:15 TabNine-deep-local INFO] local_lock_path "/home/dane/.config/TabNine/4.113.0/TabNine-deep-local.lockce94127b"
INFO [TabNine_deep_local] [2024-03-03:18:30:15 TabNine-deep-local INFO] TabNine-deep-local is already running, responding with existing port
INFO [lunar_endpoints::local::server] [2024-03-03:18:30:15 TabNine-deep-local INFO] Got new local client connection 127.0.0.1:45064
INFO [lunar_connection::local_lunar_connection] [2024-03-03:18:30:15 TabNine INFO] TabNine-deep-local exited with status exit status: 0
INFO [cloud2_utils::snippet_suggestions_host] [2024-03-03:18:30:28 TabNine INFO] enrichment config - returning default config
INFO [cloud2_utils::snippet_suggestions_host] [2024-03-03:18:30:28 TabNine INFO] enrichment config - returning default config
ERROR [cpu_model::user_thread::query_scheduler] [2024-03-03:18:30:56 TabNine-deep-local ERROR] Error running query: Error(OutOfRange, State { next_error: None, backtrace: InternalBacktrace { backtrace: None } })
ERROR [cpu_model::user_thread::query_scheduler] [2024-03-03:18:30:56 TabNine-deep-local ERROR] Error running query: Error(OutOfRange, State { next_error: None, backtrace: InternalBacktrace { backtrace: None } })
ERROR [cpu_model::user_thread::query_scheduler] [2024-03-03:18:30:56 TabNine-deep-local ERROR] Error running query: Error(OutOfRange, State { next_error: None, backtrace: InternalBacktrace { backtrace: None } })
ERROR [cpu_model::user_thread::query_scheduler] [2024-03-03:18:30:57 TabNine-deep-local ERROR] Error running query: Error(OutOfRange, State { next_error: None, backtrace: InternalBacktrace { backtrace: None } })
ERROR [cpu_model::user_thread::query_scheduler] [2024-03-03:18:30:57 TabNine-deep-local ERROR] Error running query: Error(OutOfRange, State { next_error: None, backtrace: InternalBacktrace { backtrace: None } })
ERROR [cpu_model::user_thread::query_scheduler] [2024-03-03:18:30:57 TabNine-deep-local ERROR] Error running query: Error(OutOfRange, State { next_error: None, backtrace: InternalBacktrace { backtrace: None } })
ERROR [cpu_model::user_thread::query_scheduler] [2024-03-03:18:30:57 TabNine-deep-local ERROR] Error running query: Error(OutOfRange, State { next_error: None, backtrace: InternalBacktrace { backtrace: None } })
INFO [cloud2_utils::snippet_suggestions_host] [2024-03-03:18:30:58 TabNine INFO] enrichment config - returning default config
INFO [cloud2_utils::snippet_suggestions_host] [2024-03-03:18:30:58 TabNine INFO] enrichment config - returning default config
INFO [cloud2_utils::snippet_suggestions_host] [2024-03-03:18:31:28 TabNine INFO] enrichment config - returning default config
INFO [cloud2_utils::snippet_suggestions_host] [2024-03-03:18:31:28 TabNine INFO] enrichment config - returning default config
ERROR [cpu_model::user_thread::query_scheduler] [2024-03-03:18:31:52 TabNine-deep-local ERROR] Error running query: Error(OutOfRange, State { next_error: None, backtrace: InternalBacktrace { backtrace: None } })
ERROR [cpu_model::user_thread::query_scheduler] [2024-03-03:18:31:52 TabNine-deep-local ERROR] Error running query: Error(OutOfRange, State { next_error: None, backtrace: InternalBacktrace { backtrace: None } })
ERROR [cpu_model::user_thread::query_scheduler] [2024-03-03:18:31:52 TabNine-deep-local ERROR] Error running query: Error(OutOfRange, State { next_error: None, backtrace: InternalBacktrace { backtrace: None } })
ERROR [cpu_model::user_thread::query_scheduler] [2024-03-03:18:31:52 TabNine-deep-local ERROR] Error running query: Error(OutOfRange, State { next_error: None, backtrace: InternalBacktrace { backtrace: None } })
INFO [cloud2_utils::snippet_suggestions_host] [2024-03-03:18:31:58 TabNine INFO] enrichment config - returning default config
INFO [cloud2_utils::snippet_suggestions_host] [2024-03-03:18:31:58 TabNine INFO] enrichment config - returning default config
INFO [cloud2_utils::snippet_suggestions_host] [2024-03-03:18:32:28 TabNine INFO] enrichment config - returning default config
INFO [cloud2_utils::snippet_suggestions_host] [2024-03-03:18:32:28 TabNine INFO] enrichment config - returning default config
INFO [actix_server::server] [2024-03-03:18:32:47 TabNine INFO] SIGTERM received; starting graceful shutdown
INFO [actix_server::worker] [2024-03-03:18:32:47 TabNine INFO] shutting down idle worker
INFO [actix_server::accept] [2024-03-03:18:32:47 TabNine INFO] accept thread stopped
INFO [actix_server::worker] [2024-03-03:18:32:47 TabNine INFO] shutting down idle worker
INFO [actix_server::worker] [2024-03-03:18:32:47 TabNine INFO] shutting down idle worker
INFO [actix_server::worker] [2024-03-03:18:32:47 TabNine INFO] shutting down idle worker
INFO [actix_server::worker] [2024-03-03:18:32:47 TabNine INFO] shutting down idle worker
INFO [actix_server::worker] [2024-03-03:18:32:47 TabNine INFO] shutting down idle worker
INFO [actix_server::worker] [2024-03-03:18:32:47 TabNine INFO] shutting down idle worker
INFO [actix_server::worker] [2024-03-03:18:32:47 TabNine INFO] shutting down idle worker
INFO [io_server::dispatch::shutdown] [2024-03-03:18:32:47 TabNine INFO] Sending finished message from Input
INFO [io_server::dispatch::shutdown] [2024-03-03:18:32:47 TabNine INFO] Sending finished message from ChannelWorker("default")
INFO [io_server::dispatch::shutdown] [2024-03-03:18:32:47 TabNine INFO] Sending finished message from Output
INFO [lunar_connection::local_lunar_connection] [2024-03-03:18:32:47 TabNine INFO] TabNine-deep-local exited with status signal: 15 (SIGTERM)
INFO [TabNine] [2024-03-03:18:32:48 TabNine INFO] exiting....
